{"C:/dev/repos/RecMusic/frontend/RecMusic_Front/src/modules/auth/AuthContext.tsx": {"path":"C:/dev/repos/RecMusic/frontend/RecMusic_Front/src/modules/auth/AuthContext.tsx","statementMap":{"0":{"start":{"line":16,"column":20},"end":{"line":16,"column":null}},"1":{"start":{"line":18,"column":28},"end":{"line":62,"column":2}},"2":{"start":{"line":19,"column":50},"end":{"line":19,"column":null}},"3":{"start":{"line":20,"column":28},"end":{"line":20,"column":null}},"4":{"start":{"line":22,"column":4},"end":{"line":37,"column":null}},"5":{"start":{"line":23,"column":22},"end":{"line":23,"column":null}},"6":{"start":{"line":24,"column":27},"end":{"line":24,"column":null}},"7":{"start":{"line":26,"column":8},"end":{"line":36,"column":null}},"8":{"start":{"line":27,"column":31},"end":{"line":27,"column":null}},"9":{"start":{"line":29,"column":12},"end":{"line":32,"column":null}},"10":{"start":{"line":30,"column":16},"end":{"line":30,"column":null}},"11":{"start":{"line":31,"column":16},"end":{"line":31,"column":null}},"12":{"start":{"line":34,"column":12},"end":{"line":34,"column":null}},"13":{"start":{"line":35,"column":12},"end":{"line":35,"column":null}},"14":{"start":{"line":39,"column":18},"end":{"line":46,"column":null}},"15":{"start":{"line":40,"column":8},"end":{"line":40,"column":null}},"16":{"start":{"line":41,"column":8},"end":{"line":41,"column":null}},"17":{"start":{"line":42,"column":8},"end":{"line":42,"column":null}},"18":{"start":{"line":44,"column":8},"end":{"line":44,"column":null}},"19":{"start":{"line":45,"column":8},"end":{"line":45,"column":null}},"20":{"start":{"line":48,"column":19},"end":{"line":55,"column":null}},"21":{"start":{"line":49,"column":8},"end":{"line":49,"column":null}},"22":{"start":{"line":50,"column":8},"end":{"line":50,"column":null}},"23":{"start":{"line":51,"column":8},"end":{"line":51,"column":null}},"24":{"start":{"line":53,"column":8},"end":{"line":53,"column":null}},"25":{"start":{"line":54,"column":8},"end":{"line":54,"column":null}},"26":{"start":{"line":64,"column":23},"end":{"line":70,"column":2}},"27":{"start":{"line":65,"column":20},"end":{"line":65,"column":null}},"28":{"start":{"line":66,"column":4},"end":{"line":68,"column":null}},"29":{"start":{"line":67,"column":8},"end":{"line":67,"column":null}},"30":{"start":{"line":69,"column":4},"end":{"line":69,"column":null}}},"fnMap":{"0":{"name":"(anonymous_0)","decl":{"start":{"line":18,"column":28},"end":{"line":18,"column":29}},"loc":{"start":{"line":18,"column":72},"end":{"line":62,"column":2}}},"1":{"name":"(anonymous_1)","decl":{"start":{"line":22,"column":14},"end":{"line":22,"column":null}},"loc":{"start":{"line":22,"column":14},"end":{"line":37,"column":7}}},"2":{"name":"(anonymous_2)","decl":{"start":{"line":39,"column":18},"end":{"line":39,"column":19}},"loc":{"start":{"line":39,"column":62},"end":{"line":46,"column":null}}},"3":{"name":"(anonymous_3)","decl":{"start":{"line":48,"column":19},"end":{"line":48,"column":null}},"loc":{"start":{"line":48,"column":19},"end":{"line":55,"column":null}}},"4":{"name":"(anonymous_4)","decl":{"start":{"line":64,"column":23},"end":{"line":64,"column":null}},"loc":{"start":{"line":64,"column":23},"end":{"line":70,"column":2}}}},"branchMap":{"0":{"loc":{"start":{"line":27,"column":31},"end":{"line":27,"column":null}},"type":"cond-expr","locations":[{"start":{"line":27,"column":44},"end":{"line":27,"column":69}},{"start":{"line":27,"column":69},"end":{"line":27,"column":null}}]},"1":{"loc":{"start":{"line":29,"column":12},"end":{"line":32,"column":null}},"type":"if","locations":[{"start":{"line":29,"column":12},"end":{"line":32,"column":null}},{"start":{},"end":{}}]},"2":{"loc":{"start":{"line":29,"column":16},"end":{"line":29,"column":37}},"type":"binary-expr","locations":[{"start":{"line":29,"column":16},"end":{"line":29,"column":25}},{"start":{"line":29,"column":25},"end":{"line":29,"column":37}}]},"3":{"loc":{"start":{"line":66,"column":4},"end":{"line":68,"column":null}},"type":"if","locations":[{"start":{"line":66,"column":4},"end":{"line":68,"column":null}},{"start":{},"end":{}}]}},"s":{"0":1,"1":1,"2":7,"3":7,"4":7,"5":3,"6":3,"7":3,"8":3,"9":3,"10":1,"11":1,"12":0,"13":0,"14":7,"15":2,"16":2,"17":2,"18":2,"19":2,"20":7,"21":1,"22":1,"23":1,"24":1,"25":1,"26":1,"27":10,"28":9,"29":2,"30":7},"f":{"0":7,"1":3,"2":2,"3":1,"4":10},"b":{"0":[1,2],"1":[1,2],"2":[3,1],"3":[2,7]}}
,"C:/dev/repos/RecMusic/frontend/RecMusic_Front/src/modules/auth/components/AuthForm.tsx": {"path":"C:/dev/repos/RecMusic/frontend/RecMusic_Front/src/modules/auth/components/AuthForm.tsx","statementMap":{"0":{"start":{"line":8,"column":15},"end":{"line":20,"column":null}},"1":{"start":{"line":9,"column":4},"end":{"line":20,"column":null}},"2":{"start":{"line":17,"column":26},"end":{"line":17,"column":95}},"3":{"start":{"line":32,"column":17},"end":{"line":106,"column":null}},"4":{"start":{"line":34,"column":22},"end":{"line":34,"column":null}},"5":{"start":{"line":35,"column":21},"end":{"line":35,"column":null}},"6":{"start":{"line":42,"column":8},"end":{"line":44,"column":null}},"7":{"start":{"line":46,"column":48},"end":{"line":73,"column":null}},"8":{"start":{"line":47,"column":8},"end":{"line":72,"column":null}},"9":{"start":{"line":48,"column":29},"end":{"line":48,"column":null}},"10":{"start":{"line":49,"column":55},"end":{"line":49,"column":null}},"11":{"start":{"line":50,"column":29},"end":{"line":56,"column":null}},"12":{"start":{"line":58,"column":12},"end":{"line":62,"column":null}},"13":{"start":{"line":59,"column":34},"end":{"line":59,"column":null}},"14":{"start":{"line":60,"column":16},"end":{"line":60,"column":null}},"15":{"start":{"line":61,"column":16},"end":{"line":61,"column":null}},"16":{"start":{"line":64,"column":27},"end":{"line":64,"column":68}},"17":{"start":{"line":64,"column":61},"end":{"line":64,"column":68}},"18":{"start":{"line":65,"column":12},"end":{"line":65,"column":null}},"19":{"start":{"line":67,"column":12},"end":{"line":67,"column":null}},"20":{"start":{"line":68,"column":12},"end":{"line":68,"column":null}},"21":{"start":{"line":71,"column":12},"end":{"line":71,"column":null}}},"fnMap":{"0":{"name":"(anonymous_0)","decl":{"start":{"line":8,"column":15},"end":{"line":8,"column":16}},"loc":{"start":{"line":9,"column":4},"end":{"line":20,"column":null}}},"1":{"name":"(anonymous_1)","decl":{"start":{"line":17,"column":16},"end":{"line":17,"column":17}},"loc":{"start":{"line":17,"column":26},"end":{"line":17,"column":95}}},"2":{"name":"(anonymous_2)","decl":{"start":{"line":32,"column":17},"end":{"line":32,"column":18}},"loc":{"start":{"line":32,"column":41},"end":{"line":106,"column":null}}},"3":{"name":"(anonymous_3)","decl":{"start":{"line":46,"column":48},"end":{"line":46,"column":55}},"loc":{"start":{"line":46,"column":55},"end":{"line":73,"column":null}}},"4":{"name":"(anonymous_4)","decl":{"start":{"line":64,"column":55},"end":{"line":64,"column":61}},"loc":{"start":{"line":64,"column":61},"end":{"line":64,"column":68}}}},"branchMap":{"0":{"loc":{"start":{"line":13,"column":29},"end":{"line":15,"column":null}},"type":"cond-expr","locations":[{"start":{"line":14,"column":18},"end":{"line":14,"column":null}},{"start":{"line":15,"column":18},"end":{"line":15,"column":null}}]},"1":{"loc":{"start":{"line":17,"column":26},"end":{"line":17,"column":95}},"type":"cond-expr","locations":[{"start":{"line":17,"column":48},"end":{"line":17,"column":86}},{"start":{"line":17,"column":89},"end":{"line":17,"column":95}}]},"2":{"loc":{"start":{"line":48,"column":29},"end":{"line":48,"column":null}},"type":"cond-expr","locations":[{"start":{"line":48,"column":51},"end":{"line":48,"column":96}},{"start":{"line":48,"column":96},"end":{"line":48,"column":null}}]},"3":{"loc":{"start":{"line":58,"column":12},"end":{"line":62,"column":null}},"type":"if","locations":[{"start":{"line":58,"column":12},"end":{"line":62,"column":null}},{"start":{},"end":{}}]},"4":{"loc":{"start":{"line":61,"column":35},"end":{"line":61,"column":82}},"type":"cond-expr","locations":[{"start":{"line":61,"column":57},"end":{"line":61,"column":74}},{"start":{"line":61,"column":74},"end":{"line":61,"column":82}}]},"5":{"loc":{"start":{"line":65,"column":27},"end":{"line":65,"column":74}},"type":"cond-expr","locations":[{"start":{"line":65,"column":49},"end":{"line":65,"column":66}},{"start":{"line":65,"column":66},"end":{"line":65,"column":74}}]},"6":{"loc":{"start":{"line":78,"column":39},"end":{"line":78,"column":null}},"type":"cond-expr","locations":[{"start":{"line":78,"column":61},"end":{"line":78,"column":73}},{"start":{"line":78,"column":73},"end":{"line":78,"column":null}}]},"7":{"loc":{"start":{"line":82,"column":21},"end":{"line":82,"column":36}},"type":"binary-expr","locations":[{"start":{"line":82,"column":21},"end":{"line":82,"column":36}}]},"8":{"loc":{"start":{"line":86,"column":21},"end":{"line":86,"column":36}},"type":"binary-expr","locations":[{"start":{"line":86,"column":21},"end":{"line":86,"column":36}}]},"9":{"loc":{"start":{"line":88,"column":17},"end":{"line":88,"column":null}},"type":"binary-expr","locations":[{"start":{"line":88,"column":17},"end":{"line":88,"column":null}}]},"10":{"loc":{"start":{"line":91,"column":25},"end":{"line":91,"column":47}},"type":"binary-expr","locations":[{"start":{"line":91,"column":25},"end":{"line":91,"column":47}}]},"11":{"loc":{"start":{"line":95,"column":21},"end":{"line":95,"column":null}},"type":"cond-expr","locations":[{"start":{"line":95,"column":36},"end":{"line":95,"column":51}},{"start":{"line":95,"column":51},"end":{"line":95,"column":null}}]},"12":{"loc":{"start":{"line":95,"column":51},"end":{"line":95,"column":null}},"type":"cond-expr","locations":[{"start":{"line":95,"column":73},"end":{"line":95,"column":85}},{"start":{"line":95,"column":85},"end":{"line":95,"column":null}}]},"13":{"loc":{"start":{"line":97,"column":17},"end":{"line":97,"column":null}},"type":"binary-expr","locations":[{"start":{"line":97,"column":17},"end":{"line":97,"column":null}}]}},"s":{"0":1,"1":14,"2":4,"3":1,"4":14,"5":14,"6":14,"7":14,"8":2,"9":2,"10":2,"11":2,"12":2,"13":0,"14":0,"15":0,"16":2,"17":0,"18":2,"19":2,"20":2,"21":0},"f":{"0":14,"1":4,"2":14,"3":2,"4":0},"b":{"0":[7,7],"1":[2,2],"2":[1,1],"3":[0,2],"4":[0,0],"5":[1,1],"6":[7,7],"7":[14],"8":[14],"9":[14],"10":[7],"11":[4,10],"12":[5,5],"13":[14]}}
,"C:/dev/repos/RecMusic/frontend/RecMusic_Front/src/modules/helpers/ActivityTracker.tsx": {"path":"C:/dev/repos/RecMusic/frontend/RecMusic_Front/src/modules/helpers/ActivityTracker.tsx","statementMap":{"0":{"start":{"line":4,"column":74},"end":{"line":4,"column":76}},"1":{"start":{"line":6,"column":27},"end":{"line":80,"column":null}},"2":{"start":{"line":7,"column":24},"end":{"line":7,"column":null}},"3":{"start":{"line":9,"column":30},"end":{"line":13,"column":null}},"4":{"start":{"line":10,"column":26},"end":{"line":10,"column":null}},"5":{"start":{"line":11,"column":8},"end":{"line":11,"column":null}},"6":{"start":{"line":12,"column":8},"end":{"line":12,"column":null}},"7":{"start":{"line":15,"column":34},"end":{"line":62,"column":null}},"8":{"start":{"line":16,"column":8},"end":{"line":19,"column":null}},"9":{"start":{"line":17,"column":12},"end":{"line":17,"column":null}},"10":{"start":{"line":18,"column":12},"end":{"line":18,"column":null}},"11":{"start":{"line":21,"column":8},"end":{"line":61,"column":null}},"12":{"start":{"line":22,"column":31},"end":{"line":22,"column":null}},"13":{"start":{"line":23,"column":26},"end":{"line":23,"column":null}},"14":{"start":{"line":25,"column":12},"end":{"line":28,"column":null}},"15":{"start":{"line":26,"column":16},"end":{"line":26,"column":null}},"16":{"start":{"line":27,"column":16},"end":{"line":27,"column":null}},"17":{"start":{"line":31,"column":12},"end":{"line":36,"column":null}},"18":{"start":{"line":32,"column":16},"end":{"line":32,"column":null}},"19":{"start":{"line":34,"column":16},"end":{"line":34,"column":null}},"20":{"start":{"line":35,"column":16},"end":{"line":35,"column":null}},"21":{"start":{"line":37,"column":27},"end":{"line":37,"column":34}},"22":{"start":{"line":39,"column":12},"end":{"line":39,"column":null}},"23":{"start":{"line":41,"column":29},"end":{"line":48,"column":null}},"24":{"start":{"line":50,"column":12},"end":{"line":50,"column":null}},"25":{"start":{"line":52,"column":12},"end":{"line":58,"column":null}},"26":{"start":{"line":53,"column":34},"end":{"line":53,"column":null}},"27":{"start":{"line":54,"column":16},"end":{"line":54,"column":null}},"28":{"start":{"line":56,"column":16},"end":{"line":56,"column":null}},"29":{"start":{"line":57,"column":16},"end":{"line":57,"column":null}},"30":{"start":{"line":60,"column":12},"end":{"line":60,"column":null}},"31":{"start":{"line":64,"column":4},"end":{"line":77,"column":null}},"32":{"start":{"line":65,"column":8},"end":{"line":65,"column":null}},"33":{"start":{"line":67,"column":8},"end":{"line":69,"column":null}},"34":{"start":{"line":68,"column":12},"end":{"line":68,"column":null}},"35":{"start":{"line":71,"column":8},"end":{"line":76,"column":null}},"36":{"start":{"line":72,"column":12},"end":{"line":75,"column":null}},"37":{"start":{"line":73,"column":16},"end":{"line":73,"column":null}},"38":{"start":{"line":74,"column":16},"end":{"line":74,"column":null}},"39":{"start":{"line":79,"column":4},"end":{"line":79,"column":null}}},"fnMap":{"0":{"name":"(anonymous_0)","decl":{"start":{"line":6,"column":27},"end":{"line":6,"column":null}},"loc":{"start":{"line":6,"column":27},"end":{"line":80,"column":null}}},"1":{"name":"(anonymous_1)","decl":{"start":{"line":9,"column":30},"end":{"line":9,"column":31}},"loc":{"start":{"line":9,"column":45},"end":{"line":13,"column":null}}},"2":{"name":"(anonymous_2)","decl":{"start":{"line":15,"column":34},"end":{"line":15,"column":null}},"loc":{"start":{"line":15,"column":34},"end":{"line":62,"column":null}}},"3":{"name":"(anonymous_3)","decl":{"start":{"line":64,"column":14},"end":{"line":64,"column":null}},"loc":{"start":{"line":64,"column":14},"end":{"line":77,"column":7}}},"4":{"name":"(anonymous_4)","decl":{"start":{"line":67,"column":42},"end":{"line":67,"column":null}},"loc":{"start":{"line":67,"column":42},"end":{"line":69,"column":11}}},"5":{"name":"(anonymous_5)","decl":{"start":{"line":71,"column":15},"end":{"line":71,"column":null}},"loc":{"start":{"line":71,"column":15},"end":{"line":76,"column":null}}}},"branchMap":{"0":{"loc":{"start":{"line":16,"column":8},"end":{"line":19,"column":null}},"type":"if","locations":[{"start":{"line":16,"column":8},"end":{"line":19,"column":null}},{"start":{},"end":{}}]},"1":{"loc":{"start":{"line":25,"column":12},"end":{"line":28,"column":null}},"type":"if","locations":[{"start":{"line":25,"column":12},"end":{"line":28,"column":null}},{"start":{},"end":{}}]},"2":{"loc":{"start":{"line":25,"column":16},"end":{"line":25,"column":39}},"type":"binary-expr","locations":[{"start":{"line":25,"column":16},"end":{"line":25,"column":31}},{"start":{"line":25,"column":31},"end":{"line":25,"column":39}}]},"3":{"loc":{"start":{"line":52,"column":12},"end":{"line":58,"column":null}},"type":"if","locations":[{"start":{"line":52,"column":12},"end":{"line":58,"column":null}},{"start":{"line":55,"column":19},"end":{"line":58,"column":null}}]},"4":{"loc":{"start":{"line":72,"column":12},"end":{"line":75,"column":null}},"type":"if","locations":[{"start":{"line":72,"column":12},"end":{"line":75,"column":null}},{"start":{},"end":{}}]}},"s":{"0":2,"1":2,"2":21,"3":21,"4":6,"5":6,"6":6,"7":21,"8":4,"9":0,"10":0,"11":4,"12":4,"13":4,"14":4,"15":0,"16":0,"17":4,"18":4,"19":0,"20":0,"21":4,"22":4,"23":4,"24":3,"25":2,"26":2,"27":2,"28":0,"29":0,"30":2,"31":21,"32":8,"33":8,"34":4,"35":8,"36":8,"37":8,"38":8,"39":21},"f":{"0":21,"1":6,"2":4,"3":8,"4":4,"5":8},"b":{"0":[0,4],"1":[0,4],"2":[4,4],"3":[2,0],"4":[8,0]}}
,"C:/dev/repos/RecMusic/frontend/RecMusic_Front/src/modules/home/SongApis.tsx": {"path":"C:/dev/repos/RecMusic/frontend/RecMusic_Front/src/modules/home/SongApis.tsx","statementMap":{"0":{"start":{"line":2,"column":16},"end":{"line":2,"column":null}},"1":{"start":{"line":6,"column":24},"end":{"line":21,"column":1}},"2":{"start":{"line":7,"column":18},"end":{"line":7,"column":null}},"3":{"start":{"line":8,"column":4},"end":{"line":8,"column":null}},"4":{"start":{"line":8,"column":16},"end":{"line":8,"column":null}},"5":{"start":{"line":10,"column":21},"end":{"line":17,"column":null}},"6":{"start":{"line":19,"column":4},"end":{"line":19,"column":null}},"7":{"start":{"line":19,"column":22},"end":{"line":19,"column":null}},"8":{"start":{"line":20,"column":4},"end":{"line":20,"column":null}},"9":{"start":{"line":23,"column":26},"end":{"line":38,"column":2}},"10":{"start":{"line":24,"column":18},"end":{"line":24,"column":null}},"11":{"start":{"line":26,"column":4},"end":{"line":26,"column":null}},"12":{"start":{"line":26,"column":16},"end":{"line":26,"column":null}},"13":{"start":{"line":28,"column":21},"end":{"line":35,"column":null}},"14":{"start":{"line":36,"column":4},"end":{"line":36,"column":null}},"15":{"start":{"line":36,"column":22},"end":{"line":36,"column":null}},"16":{"start":{"line":37,"column":4},"end":{"line":37,"column":null}},"17":{"start":{"line":40,"column":27},"end":{"line":62,"column":2}},"18":{"start":{"line":41,"column":4},"end":{"line":41,"column":null}},"19":{"start":{"line":41,"column":29},"end":{"line":41,"column":null}},"20":{"start":{"line":43,"column":18},"end":{"line":43,"column":null}},"21":{"start":{"line":44,"column":4},"end":{"line":44,"column":null}},"22":{"start":{"line":44,"column":16},"end":{"line":44,"column":null}},"23":{"start":{"line":46,"column":4},"end":{"line":61,"column":null}},"24":{"start":{"line":47,"column":25},"end":{"line":54,"column":null}},"25":{"start":{"line":56,"column":8},"end":{"line":56,"column":null}},"26":{"start":{"line":56,"column":26},"end":{"line":56,"column":null}},"27":{"start":{"line":58,"column":8},"end":{"line":58,"column":null}},"28":{"start":{"line":60,"column":8},"end":{"line":60,"column":null}},"29":{"start":{"line":64,"column":29},"end":{"line":85,"column":2}},"30":{"start":{"line":66,"column":18},"end":{"line":66,"column":null}},"31":{"start":{"line":67,"column":4},"end":{"line":67,"column":null}},"32":{"start":{"line":67,"column":16},"end":{"line":67,"column":null}},"33":{"start":{"line":69,"column":4},"end":{"line":84,"column":null}},"34":{"start":{"line":70,"column":25},"end":{"line":77,"column":null}},"35":{"start":{"line":79,"column":8},"end":{"line":79,"column":null}},"36":{"start":{"line":79,"column":26},"end":{"line":79,"column":null}},"37":{"start":{"line":81,"column":8},"end":{"line":81,"column":null}},"38":{"start":{"line":83,"column":8},"end":{"line":83,"column":null}},"39":{"start":{"line":87,"column":28},"end":{"line":108,"column":2}},"40":{"start":{"line":89,"column":18},"end":{"line":89,"column":null}},"41":{"start":{"line":90,"column":4},"end":{"line":90,"column":null}},"42":{"start":{"line":90,"column":16},"end":{"line":90,"column":null}},"43":{"start":{"line":92,"column":4},"end":{"line":107,"column":null}},"44":{"start":{"line":93,"column":25},"end":{"line":100,"column":null}},"45":{"start":{"line":102,"column":8},"end":{"line":102,"column":null}},"46":{"start":{"line":102,"column":26},"end":{"line":102,"column":null}},"47":{"start":{"line":104,"column":8},"end":{"line":104,"column":null}},"48":{"start":{"line":106,"column":8},"end":{"line":106,"column":null}},"49":{"start":{"line":110,"column":30},"end":{"line":126,"column":1}},"50":{"start":{"line":111,"column":18},"end":{"line":111,"column":null}},"51":{"start":{"line":112,"column":4},"end":{"line":112,"column":null}},"52":{"start":{"line":112,"column":16},"end":{"line":112,"column":null}},"53":{"start":{"line":114,"column":21},"end":{"line":122,"column":null}},"54":{"start":{"line":124,"column":4},"end":{"line":124,"column":null}},"55":{"start":{"line":124,"column":22},"end":{"line":124,"column":null}},"56":{"start":{"line":125,"column":4},"end":{"line":125,"column":null}},"57":{"start":{"line":128,"column":30},"end":{"line":144,"column":1}},"58":{"start":{"line":129,"column":18},"end":{"line":129,"column":null}},"59":{"start":{"line":130,"column":4},"end":{"line":130,"column":null}},"60":{"start":{"line":130,"column":16},"end":{"line":130,"column":null}},"61":{"start":{"line":132,"column":21},"end":{"line":140,"column":null}},"62":{"start":{"line":142,"column":4},"end":{"line":142,"column":null}},"63":{"start":{"line":142,"column":22},"end":{"line":142,"column":null}},"64":{"start":{"line":143,"column":4},"end":{"line":143,"column":null}},"65":{"start":{"line":146,"column":33},"end":{"line":161,"column":2}},"66":{"start":{"line":147,"column":18},"end":{"line":147,"column":null}},"67":{"start":{"line":149,"column":4},"end":{"line":149,"column":null}},"68":{"start":{"line":150,"column":21},"end":{"line":156,"column":null}},"69":{"start":{"line":158,"column":4},"end":{"line":158,"column":null}},"70":{"start":{"line":158,"column":22},"end":{"line":158,"column":null}},"71":{"start":{"line":160,"column":4},"end":{"line":160,"column":null}},"72":{"start":{"line":163,"column":38},"end":{"line":178,"column":2}},"73":{"start":{"line":164,"column":18},"end":{"line":164,"column":null}},"74":{"start":{"line":166,"column":21},"end":{"line":172,"column":null}},"75":{"start":{"line":175,"column":4},"end":{"line":175,"column":null}},"76":{"start":{"line":175,"column":22},"end":{"line":175,"column":null}},"77":{"start":{"line":177,"column":4},"end":{"line":177,"column":null}},"78":{"start":{"line":180,"column":27},"end":{"line":196,"column":2}},"79":{"start":{"line":181,"column":18},"end":{"line":181,"column":null}},"80":{"start":{"line":182,"column":4},"end":{"line":182,"column":null}},"81":{"start":{"line":182,"column":16},"end":{"line":182,"column":null}},"82":{"start":{"line":184,"column":21},"end":{"line":191,"column":null}},"83":{"start":{"line":193,"column":4},"end":{"line":193,"column":null}},"84":{"start":{"line":193,"column":22},"end":{"line":193,"column":null}},"85":{"start":{"line":195,"column":4},"end":{"line":195,"column":null}},"86":{"start":{"line":198,"column":35},"end":{"line":219,"column":2}},"87":{"start":{"line":200,"column":18},"end":{"line":200,"column":null}},"88":{"start":{"line":201,"column":4},"end":{"line":201,"column":null}},"89":{"start":{"line":201,"column":16},"end":{"line":201,"column":null}},"90":{"start":{"line":203,"column":4},"end":{"line":218,"column":null}},"91":{"start":{"line":204,"column":25},"end":{"line":211,"column":null}},"92":{"start":{"line":213,"column":8},"end":{"line":213,"column":null}},"93":{"start":{"line":213,"column":26},"end":{"line":213,"column":null}},"94":{"start":{"line":215,"column":8},"end":{"line":215,"column":null}},"95":{"start":{"line":217,"column":8},"end":{"line":217,"column":null}}},"fnMap":{"0":{"name":"(anonymous_0)","decl":{"start":{"line":6,"column":24},"end":{"line":6,"column":31}},"loc":{"start":{"line":6,"column":31},"end":{"line":21,"column":1}}},"1":{"name":"(anonymous_1)","decl":{"start":{"line":23,"column":26},"end":{"line":23,"column":33}},"loc":{"start":{"line":23,"column":33},"end":{"line":38,"column":2}}},"2":{"name":"(anonymous_2)","decl":{"start":{"line":40,"column":27},"end":{"line":40,"column":34}},"loc":{"start":{"line":40,"column":34},"end":{"line":62,"column":2}}},"3":{"name":"(anonymous_3)","decl":{"start":{"line":64,"column":29},"end":{"line":64,"column":null}},"loc":{"start":{"line":64,"column":29},"end":{"line":85,"column":2}}},"4":{"name":"(anonymous_4)","decl":{"start":{"line":87,"column":28},"end":{"line":87,"column":null}},"loc":{"start":{"line":87,"column":28},"end":{"line":108,"column":2}}},"5":{"name":"(anonymous_5)","decl":{"start":{"line":110,"column":30},"end":{"line":110,"column":37}},"loc":{"start":{"line":110,"column":37},"end":{"line":126,"column":1}}},"6":{"name":"(anonymous_6)","decl":{"start":{"line":128,"column":30},"end":{"line":128,"column":37}},"loc":{"start":{"line":128,"column":37},"end":{"line":144,"column":1}}},"7":{"name":"(anonymous_7)","decl":{"start":{"line":146,"column":33},"end":{"line":146,"column":40}},"loc":{"start":{"line":146,"column":52},"end":{"line":161,"column":2}}},"8":{"name":"(anonymous_8)","decl":{"start":{"line":163,"column":38},"end":{"line":163,"column":45}},"loc":{"start":{"line":163,"column":57},"end":{"line":178,"column":2}}},"9":{"name":"(anonymous_9)","decl":{"start":{"line":180,"column":27},"end":{"line":180,"column":34}},"loc":{"start":{"line":180,"column":34},"end":{"line":196,"column":2}}},"10":{"name":"(anonymous_10)","decl":{"start":{"line":198,"column":35},"end":{"line":198,"column":null}},"loc":{"start":{"line":198,"column":35},"end":{"line":219,"column":2}}}},"branchMap":{"0":{"loc":{"start":{"line":8,"column":4},"end":{"line":8,"column":null}},"type":"if","locations":[{"start":{"line":8,"column":4},"end":{"line":8,"column":null}},{"start":{},"end":{}}]},"1":{"loc":{"start":{"line":19,"column":4},"end":{"line":19,"column":null}},"type":"if","locations":[{"start":{"line":19,"column":4},"end":{"line":19,"column":null}},{"start":{},"end":{}}]},"2":{"loc":{"start":{"line":26,"column":4},"end":{"line":26,"column":null}},"type":"if","locations":[{"start":{"line":26,"column":4},"end":{"line":26,"column":null}},{"start":{},"end":{}}]},"3":{"loc":{"start":{"line":36,"column":4},"end":{"line":36,"column":null}},"type":"if","locations":[{"start":{"line":36,"column":4},"end":{"line":36,"column":null}},{"start":{},"end":{}}]},"4":{"loc":{"start":{"line":41,"column":4},"end":{"line":41,"column":null}},"type":"if","locations":[{"start":{"line":41,"column":4},"end":{"line":41,"column":null}},{"start":{},"end":{}}]},"5":{"loc":{"start":{"line":44,"column":4},"end":{"line":44,"column":null}},"type":"if","locations":[{"start":{"line":44,"column":4},"end":{"line":44,"column":null}},{"start":{},"end":{}}]},"6":{"loc":{"start":{"line":56,"column":8},"end":{"line":56,"column":null}},"type":"if","locations":[{"start":{"line":56,"column":8},"end":{"line":56,"column":null}},{"start":{},"end":{}}]},"7":{"loc":{"start":{"line":67,"column":4},"end":{"line":67,"column":null}},"type":"if","locations":[{"start":{"line":67,"column":4},"end":{"line":67,"column":null}},{"start":{},"end":{}}]},"8":{"loc":{"start":{"line":79,"column":8},"end":{"line":79,"column":null}},"type":"if","locations":[{"start":{"line":79,"column":8},"end":{"line":79,"column":null}},{"start":{},"end":{}}]},"9":{"loc":{"start":{"line":90,"column":4},"end":{"line":90,"column":null}},"type":"if","locations":[{"start":{"line":90,"column":4},"end":{"line":90,"column":null}},{"start":{},"end":{}}]},"10":{"loc":{"start":{"line":102,"column":8},"end":{"line":102,"column":null}},"type":"if","locations":[{"start":{"line":102,"column":8},"end":{"line":102,"column":null}},{"start":{},"end":{}}]},"11":{"loc":{"start":{"line":112,"column":4},"end":{"line":112,"column":null}},"type":"if","locations":[{"start":{"line":112,"column":4},"end":{"line":112,"column":null}},{"start":{},"end":{}}]},"12":{"loc":{"start":{"line":124,"column":4},"end":{"line":124,"column":null}},"type":"if","locations":[{"start":{"line":124,"column":4},"end":{"line":124,"column":null}},{"start":{},"end":{}}]},"13":{"loc":{"start":{"line":130,"column":4},"end":{"line":130,"column":null}},"type":"if","locations":[{"start":{"line":130,"column":4},"end":{"line":130,"column":null}},{"start":{},"end":{}}]},"14":{"loc":{"start":{"line":142,"column":4},"end":{"line":142,"column":null}},"type":"if","locations":[{"start":{"line":142,"column":4},"end":{"line":142,"column":null}},{"start":{},"end":{}}]},"15":{"loc":{"start":{"line":158,"column":4},"end":{"line":158,"column":null}},"type":"if","locations":[{"start":{"line":158,"column":4},"end":{"line":158,"column":null}},{"start":{},"end":{}}]},"16":{"loc":{"start":{"line":175,"column":4},"end":{"line":175,"column":null}},"type":"if","locations":[{"start":{"line":175,"column":4},"end":{"line":175,"column":null}},{"start":{},"end":{}}]},"17":{"loc":{"start":{"line":182,"column":4},"end":{"line":182,"column":null}},"type":"if","locations":[{"start":{"line":182,"column":4},"end":{"line":182,"column":null}},{"start":{},"end":{}}]},"18":{"loc":{"start":{"line":193,"column":4},"end":{"line":193,"column":null}},"type":"if","locations":[{"start":{"line":193,"column":4},"end":{"line":193,"column":null}},{"start":{},"end":{}}]},"19":{"loc":{"start":{"line":201,"column":4},"end":{"line":201,"column":null}},"type":"if","locations":[{"start":{"line":201,"column":4},"end":{"line":201,"column":null}},{"start":{},"end":{}}]},"20":{"loc":{"start":{"line":213,"column":8},"end":{"line":213,"column":null}},"type":"if","locations":[{"start":{"line":213,"column":8},"end":{"line":213,"column":null}},{"start":{},"end":{}}]}},"s":{"0":1,"1":1,"2":2,"3":2,"4":1,"5":1,"6":1,"7":0,"8":1,"9":1,"10":2,"11":2,"12":1,"13":1,"14":1,"15":0,"16":1,"17":1,"18":5,"19":1,"20":4,"21":4,"22":1,"23":3,"24":3,"25":2,"26":1,"27":1,"28":2,"29":1,"30":2,"31":2,"32":1,"33":1,"34":1,"35":1,"36":0,"37":1,"38":0,"39":1,"40":2,"41":2,"42":1,"43":1,"44":1,"45":1,"46":0,"47":1,"48":0,"49":1,"50":2,"51":2,"52":1,"53":1,"54":1,"55":0,"56":1,"57":1,"58":2,"59":2,"60":1,"61":1,"62":1,"63":0,"64":1,"65":1,"66":1,"67":1,"68":1,"69":1,"70":0,"71":1,"72":1,"73":1,"74":1,"75":1,"76":0,"77":1,"78":1,"79":2,"80":2,"81":1,"82":1,"83":1,"84":0,"85":1,"86":1,"87":2,"88":2,"89":1,"90":1,"91":1,"92":1,"93":0,"94":1,"95":0},"f":{"0":2,"1":2,"2":5,"3":2,"4":2,"5":2,"6":2,"7":1,"8":1,"9":2,"10":2},"b":{"0":[1,1],"1":[0,1],"2":[1,1],"3":[0,1],"4":[1,4],"5":[1,3],"6":[1,1],"7":[1,1],"8":[0,1],"9":[1,1],"10":[0,1],"11":[1,1],"12":[0,1],"13":[1,1],"14":[0,1],"15":[0,1],"16":[0,1],"17":[1,1],"18":[0,1],"19":[1,1],"20":[0,1]}}
,"C:/dev/repos/RecMusic/frontend/RecMusic_Front/src/modules/home/components/SongDisplay/SongDisplay.tsx": {"path":"C:/dev/repos/RecMusic/frontend/RecMusic_Front/src/modules/home/components/SongDisplay/SongDisplay.tsx","statementMap":{"0":{"start":{"line":14,"column":0},"end":{"line":14,"column":null}},"1":{"start":{"line":26,"column":42},"end":{"line":127,"column":null}},"2":{"start":{"line":34,"column":40},"end":{"line":34,"column":null}},"3":{"start":{"line":35,"column":48},"end":{"line":35,"column":null}},"4":{"start":{"line":36,"column":52},"end":{"line":36,"column":null}},"5":{"start":{"line":37,"column":34},"end":{"line":37,"column":null}},"6":{"start":{"line":39,"column":4},"end":{"line":51,"column":null}},"7":{"start":{"line":40,"column":32},"end":{"line":48,"column":null}},"8":{"start":{"line":41,"column":12},"end":{"line":47,"column":null}},"9":{"start":{"line":42,"column":29},"end":{"line":42,"column":null}},"10":{"start":{"line":43,"column":33},"end":{"line":43,"column":null}},"11":{"start":{"line":43,"column":58},"end":{"line":43,"column":71}},"12":{"start":{"line":44,"column":16},"end":{"line":44,"column":null}},"13":{"start":{"line":46,"column":16},"end":{"line":46,"column":null}},"14":{"start":{"line":50,"column":8},"end":{"line":50,"column":null}},"15":{"start":{"line":55,"column":29},"end":{"line":69,"column":null}},"16":{"start":{"line":56,"column":8},"end":{"line":68,"column":null}},"17":{"start":{"line":57,"column":12},"end":{"line":65,"column":null}},"18":{"start":{"line":58,"column":16},"end":{"line":58,"column":null}},"19":{"start":{"line":59,"column":16},"end":{"line":59,"column":null}},"20":{"start":{"line":59,"column":54},"end":{"line":59,"column":null}},"21":{"start":{"line":60,"column":16},"end":{"line":60,"column":null}},"22":{"start":{"line":62,"column":16},"end":{"line":62,"column":null}},"23":{"start":{"line":63,"column":16},"end":{"line":63,"column":null}},"24":{"start":{"line":64,"column":16},"end":{"line":64,"column":null}},"25":{"start":{"line":67,"column":12},"end":{"line":67,"column":null}},"26":{"start":{"line":71,"column":37},"end":{"line":80,"column":null}},"27":{"start":{"line":72,"column":8},"end":{"line":72,"column":null}},"28":{"start":{"line":72,"column":25},"end":{"line":72,"column":null}},"29":{"start":{"line":73,"column":8},"end":{"line":79,"column":null}},"30":{"start":{"line":74,"column":12},"end":{"line":74,"column":null}},"31":{"start":{"line":75,"column":12},"end":{"line":75,"column":null}},"32":{"start":{"line":76,"column":12},"end":{"line":76,"column":null}},"33":{"start":{"line":76,"column":44},"end":{"line":76,"column":null}},"34":{"start":{"line":76,"column":69},"end":{"line":76,"column":null}},"35":{"start":{"line":78,"column":12},"end":{"line":78,"column":null}},"36":{"start":{"line":82,"column":27},"end":{"line":85,"column":null}},"37":{"start":{"line":83,"column":8},"end":{"line":83,"column":null}},"38":{"start":{"line":84,"column":8},"end":{"line":84,"column":null}},"39":{"start":{"line":93,"column":92},"end":{"line":93,"column":114}},"40":{"start":{"line":97,"column":96},"end":{"line":97,"column":null}},"41":{"start":{"line":102,"column":111},"end":{"line":102,"column":null}},"42":{"start":{"line":108,"column":40},"end":{"line":108,"column":null}},"43":{"start":{"line":109,"column":40},"end":{"line":109,"column":null}},"44":{"start":{"line":115,"column":59},"end":{"line":115,"column":null}},"45":{"start":{"line":116,"column":60},"end":{"line":116,"column":null}}},"fnMap":{"0":{"name":"(anonymous_0)","decl":{"start":{"line":26,"column":42},"end":{"line":26,"column":43}},"loc":{"start":{"line":33,"column":1},"end":{"line":127,"column":null}}},"1":{"name":"(anonymous_1)","decl":{"start":{"line":39,"column":14},"end":{"line":39,"column":null}},"loc":{"start":{"line":39,"column":14},"end":{"line":51,"column":7}}},"2":{"name":"(anonymous_2)","decl":{"start":{"line":40,"column":32},"end":{"line":40,"column":null}},"loc":{"start":{"line":40,"column":32},"end":{"line":48,"column":null}}},"3":{"name":"(anonymous_3)","decl":{"start":{"line":43,"column":42},"end":{"line":43,"column":43}},"loc":{"start":{"line":43,"column":58},"end":{"line":43,"column":71}}},"4":{"name":"(anonymous_4)","decl":{"start":{"line":55,"column":29},"end":{"line":55,"column":36}},"loc":{"start":{"line":55,"column":36},"end":{"line":69,"column":null}}},"5":{"name":"(anonymous_5)","decl":{"start":{"line":59,"column":48},"end":{"line":59,"column":54}},"loc":{"start":{"line":59,"column":54},"end":{"line":59,"column":null}}},"6":{"name":"(anonymous_6)","decl":{"start":{"line":71,"column":37},"end":{"line":71,"column":44}},"loc":{"start":{"line":71,"column":44},"end":{"line":80,"column":null}}},"7":{"name":"(anonymous_7)","decl":{"start":{"line":76,"column":29},"end":{"line":76,"column":30}},"loc":{"start":{"line":76,"column":44},"end":{"line":76,"column":null}}},"8":{"name":"(anonymous_8)","decl":{"start":{"line":76,"column":61},"end":{"line":76,"column":69}},"loc":{"start":{"line":76,"column":69},"end":{"line":76,"column":null}}},"9":{"name":"(anonymous_9)","decl":{"start":{"line":82,"column":27},"end":{"line":82,"column":28}},"loc":{"start":{"line":82,"column":28},"end":{"line":85,"column":null}}},"10":{"name":"(anonymous_11)","decl":{"start":{"line":93,"column":86},"end":{"line":93,"column":92}},"loc":{"start":{"line":93,"column":92},"end":{"line":93,"column":114}}},"11":{"name":"(anonymous_12)","decl":{"start":{"line":97,"column":90},"end":{"line":97,"column":96}},"loc":{"start":{"line":97,"column":96},"end":{"line":97,"column":null}}},"12":{"name":"(anonymous_13)","decl":{"start":{"line":102,"column":105},"end":{"line":102,"column":111}},"loc":{"start":{"line":102,"column":111},"end":{"line":102,"column":null}}},"13":{"name":"(anonymous_14)","decl":{"start":{"line":107,"column":104},"end":{"line":107,"column":null}},"loc":{"start":{"line":107,"column":104},"end":{"line":110,"column":39}}},"14":{"name":"(anonymous_15)","decl":{"start":{"line":115,"column":53},"end":{"line":115,"column":59}},"loc":{"start":{"line":115,"column":59},"end":{"line":115,"column":null}}},"15":{"name":"(anonymous_16)","decl":{"start":{"line":116,"column":54},"end":{"line":116,"column":60}},"loc":{"start":{"line":116,"column":60},"end":{"line":116,"column":null}}}},"branchMap":{"0":{"loc":{"start":{"line":27,"column":4},"end":{"line":27,"column":14}},"type":"default-arg","locations":[{"start":{"line":27,"column":12},"end":{"line":27,"column":14}}]},"1":{"loc":{"start":{"line":28,"column":4},"end":{"line":28,"column":20}},"type":"default-arg","locations":[{"start":{"line":28,"column":18},"end":{"line":28,"column":20}}]},"2":{"loc":{"start":{"line":29,"column":4},"end":{"line":29,"column":19}},"type":"default-arg","locations":[{"start":{"line":29,"column":17},"end":{"line":29,"column":19}}]},"3":{"loc":{"start":{"line":57,"column":12},"end":{"line":65,"column":null}},"type":"if","locations":[{"start":{"line":57,"column":12},"end":{"line":65,"column":null}},{"start":{"line":61,"column":19},"end":{"line":65,"column":null}}]},"4":{"loc":{"start":{"line":72,"column":8},"end":{"line":72,"column":null}},"type":"if","locations":[{"start":{"line":72,"column":8},"end":{"line":72,"column":null}},{"start":{},"end":{}}]},"5":{"loc":{"start":{"line":98,"column":70},"end":{"line":98,"column":109}},"type":"cond-expr","locations":[{"start":{"line":98,"column":70},"end":{"line":98,"column":109}}]},"6":{"loc":{"start":{"line":102,"column":32},"end":{"line":106,"column":null}},"type":"cond-expr","locations":[{"start":{"line":102,"column":32},"end":{"line":106,"column":null}}]},"7":{"loc":{"start":{"line":112,"column":37},"end":{"line":112,"column":69}},"type":"binary-expr","locations":[{"start":{"line":112,"column":37},"end":{"line":112,"column":69}},{"start":{"line":112,"column":73},"end":{"line":112,"column":null}}]}},"s":{"0":1,"1":1,"2":13,"3":13,"4":13,"5":13,"6":13,"7":5,"8":5,"9":5,"10":5,"11":5,"12":5,"13":0,"14":5,"15":13,"16":2,"17":2,"18":1,"19":1,"20":1,"21":1,"22":1,"23":1,"24":1,"25":0,"26":13,"27":1,"28":0,"29":1,"30":1,"31":1,"32":1,"33":0,"34":0,"35":0,"36":13,"37":1,"38":1,"39":1,"40":2,"41":1,"42":1,"43":1,"44":0,"45":0},"f":{"0":13,"1":5,"2":5,"3":5,"4":2,"5":1,"6":1,"7":0,"8":0,"9":1,"10":1,"11":2,"12":1,"13":1,"14":0,"15":0},"b":{"0":[0],"1":[13],"2":[11],"3":[1,1],"4":[0,1],"5":[7],"6":[4],"7":[22,1]}}
,"C:/dev/repos/RecMusic/frontend/RecMusic_Front/src/modules/home/components/SongPlayer/SongPlayer.tsx": {"path":"C:/dev/repos/RecMusic/frontend/RecMusic_Front/src/modules/home/components/SongPlayer/SongPlayer.tsx","statementMap":{"0":{"start":{"line":9,"column":0},"end":{"line":9,"column":null}},"1":{"start":{"line":17,"column":46},"end":{"line":176,"column":null}},"2":{"start":{"line":20,"column":44},"end":{"line":26,"column":null}},"3":{"start":{"line":21,"column":8},"end":{"line":24,"column":null}},"4":{"start":{"line":22,"column":26},"end":{"line":22,"column":null}},"5":{"start":{"line":22,"column":60},"end":{"line":22,"column":76}},"6":{"start":{"line":23,"column":12},"end":{"line":23,"column":null}},"7":{"start":{"line":25,"column":8},"end":{"line":25,"column":null}},"8":{"start":{"line":27,"column":24},"end":{"line":27,"column":54}},"9":{"start":{"line":29,"column":38},"end":{"line":29,"column":null}},"10":{"start":{"line":30,"column":21},"end":{"line":30,"column":null}},"11":{"start":{"line":31,"column":42},"end":{"line":31,"column":null}},"12":{"start":{"line":32,"column":36},"end":{"line":32,"column":null}},"13":{"start":{"line":33,"column":34},"end":{"line":33,"column":null}},"14":{"start":{"line":35,"column":4},"end":{"line":46,"column":null}},"15":{"start":{"line":36,"column":8},"end":{"line":45,"column":null}},"16":{"start":{"line":37,"column":26},"end":{"line":37,"column":null}},"17":{"start":{"line":37,"column":60},"end":{"line":37,"column":88}},"18":{"start":{"line":39,"column":12},"end":{"line":44,"column":null}},"19":{"start":{"line":40,"column":16},"end":{"line":40,"column":null}},"20":{"start":{"line":41,"column":16},"end":{"line":41,"column":null}},"21":{"start":{"line":43,"column":16},"end":{"line":43,"column":null}},"22":{"start":{"line":49,"column":4},"end":{"line":54,"column":null}},"23":{"start":{"line":50,"column":22},"end":{"line":50,"column":38}},"24":{"start":{"line":51,"column":8},"end":{"line":53,"column":null}},"25":{"start":{"line":52,"column":12},"end":{"line":52,"column":null}},"26":{"start":{"line":56,"column":4},"end":{"line":60,"column":null}},"27":{"start":{"line":57,"column":8},"end":{"line":59,"column":null}},"28":{"start":{"line":58,"column":12},"end":{"line":58,"column":null}},"29":{"start":{"line":62,"column":4},"end":{"line":70,"column":null}},"30":{"start":{"line":63,"column":22},"end":{"line":63,"column":38}},"31":{"start":{"line":64,"column":8},"end":{"line":64,"column":null}},"32":{"start":{"line":64,"column":20},"end":{"line":64,"column":null}},"33":{"start":{"line":65,"column":8},"end":{"line":69,"column":null}},"34":{"start":{"line":66,"column":12},"end":{"line":66,"column":null}},"35":{"start":{"line":68,"column":12},"end":{"line":68,"column":null}},"36":{"start":{"line":72,"column":4},"end":{"line":99,"column":null}},"37":{"start":{"line":73,"column":22},"end":{"line":73,"column":38}},"38":{"start":{"line":74,"column":8},"end":{"line":74,"column":null}},"39":{"start":{"line":74,"column":20},"end":{"line":74,"column":null}},"40":{"start":{"line":76,"column":37},"end":{"line":78,"column":null}},"41":{"start":{"line":77,"column":12},"end":{"line":77,"column":null}},"42":{"start":{"line":80,"column":33},"end":{"line":82,"column":null}},"43":{"start":{"line":81,"column":12},"end":{"line":81,"column":null}},"44":{"start":{"line":84,"column":28},"end":{"line":88,"column":null}},"45":{"start":{"line":85,"column":12},"end":{"line":87,"column":null}},"46":{"start":{"line":86,"column":16},"end":{"line":86,"column":null}},"47":{"start":{"line":90,"column":8},"end":{"line":90,"column":null}},"48":{"start":{"line":91,"column":8},"end":{"line":91,"column":null}},"49":{"start":{"line":92,"column":8},"end":{"line":92,"column":null}},"50":{"start":{"line":94,"column":8},"end":{"line":98,"column":null}},"51":{"start":{"line":95,"column":12},"end":{"line":95,"column":null}},"52":{"start":{"line":96,"column":12},"end":{"line":96,"column":null}},"53":{"start":{"line":97,"column":12},"end":{"line":97,"column":null}},"54":{"start":{"line":101,"column":29},"end":{"line":103,"column":null}},"55":{"start":{"line":102,"column":8},"end":{"line":102,"column":null}},"56":{"start":{"line":102,"column":31},"end":{"line":102,"column":null}},"57":{"start":{"line":105,"column":23},"end":{"line":112,"column":null}},"58":{"start":{"line":106,"column":22},"end":{"line":106,"column":38}},"59":{"start":{"line":107,"column":24},"end":{"line":107,"column":null}},"60":{"start":{"line":108,"column":8},"end":{"line":111,"column":null}},"61":{"start":{"line":109,"column":12},"end":{"line":109,"column":null}},"62":{"start":{"line":110,"column":12},"end":{"line":110,"column":null}},"63":{"start":{"line":114,"column":23},"end":{"line":129,"column":null}},"64":{"start":{"line":115,"column":22},"end":{"line":115,"column":38}},"65":{"start":{"line":116,"column":8},"end":{"line":119,"column":null}},"66":{"start":{"line":117,"column":12},"end":{"line":117,"column":null}},"67":{"start":{"line":118,"column":12},"end":{"line":118,"column":null}},"68":{"start":{"line":121,"column":8},"end":{"line":128,"column":null}},"69":{"start":{"line":122,"column":12},"end":{"line":122,"column":null}},"70":{"start":{"line":123,"column":12},"end":{"line":123,"column":null}},"71":{"start":{"line":126,"column":12},"end":{"line":126,"column":null}},"72":{"start":{"line":127,"column":12},"end":{"line":127,"column":null}},"73":{"start":{"line":131,"column":27},"end":{"line":140,"column":null}},"74":{"start":{"line":132,"column":8},"end":{"line":139,"column":null}},"75":{"start":{"line":133,"column":12},"end":{"line":133,"column":null}},"76":{"start":{"line":134,"column":12},"end":{"line":134,"column":null}},"77":{"start":{"line":137,"column":12},"end":{"line":137,"column":null}},"78":{"start":{"line":138,"column":12},"end":{"line":138,"column":null}}},"fnMap":{"0":{"name":"(anonymous_0)","decl":{"start":{"line":17,"column":46},"end":{"line":17,"column":47}},"loc":{"start":{"line":17,"column":73},"end":{"line":176,"column":null}}},"1":{"name":"(anonymous_1)","decl":{"start":{"line":20,"column":53},"end":{"line":20,"column":null}},"loc":{"start":{"line":20,"column":53},"end":{"line":26,"column":null}}},"2":{"name":"(anonymous_2)","decl":{"start":{"line":22,"column":53},"end":{"line":22,"column":54}},"loc":{"start":{"line":22,"column":60},"end":{"line":22,"column":76}}},"3":{"name":"(anonymous_3)","decl":{"start":{"line":35,"column":14},"end":{"line":35,"column":null}},"loc":{"start":{"line":35,"column":14},"end":{"line":46,"column":7}}},"4":{"name":"(anonymous_4)","decl":{"start":{"line":37,"column":53},"end":{"line":37,"column":54}},"loc":{"start":{"line":37,"column":60},"end":{"line":37,"column":88}}},"5":{"name":"(anonymous_5)","decl":{"start":{"line":49,"column":14},"end":{"line":49,"column":null}},"loc":{"start":{"line":49,"column":14},"end":{"line":54,"column":7}}},"6":{"name":"(anonymous_6)","decl":{"start":{"line":56,"column":14},"end":{"line":56,"column":null}},"loc":{"start":{"line":56,"column":14},"end":{"line":60,"column":7}}},"7":{"name":"(anonymous_7)","decl":{"start":{"line":62,"column":14},"end":{"line":62,"column":null}},"loc":{"start":{"line":62,"column":14},"end":{"line":70,"column":7}}},"8":{"name":"(anonymous_8)","decl":{"start":{"line":72,"column":14},"end":{"line":72,"column":null}},"loc":{"start":{"line":72,"column":14},"end":{"line":99,"column":7}}},"9":{"name":"(anonymous_9)","decl":{"start":{"line":76,"column":37},"end":{"line":76,"column":null}},"loc":{"start":{"line":76,"column":37},"end":{"line":78,"column":null}}},"10":{"name":"(anonymous_10)","decl":{"start":{"line":80,"column":33},"end":{"line":80,"column":null}},"loc":{"start":{"line":80,"column":33},"end":{"line":82,"column":null}}},"11":{"name":"(anonymous_11)","decl":{"start":{"line":84,"column":28},"end":{"line":84,"column":null}},"loc":{"start":{"line":84,"column":28},"end":{"line":88,"column":null}}},"12":{"name":"(anonymous_12)","decl":{"start":{"line":85,"column":23},"end":{"line":85,"column":null}},"loc":{"start":{"line":85,"column":23},"end":{"line":87,"column":15}}},"13":{"name":"(anonymous_13)","decl":{"start":{"line":94,"column":15},"end":{"line":94,"column":null}},"loc":{"start":{"line":94,"column":15},"end":{"line":98,"column":null}}},"14":{"name":"(anonymous_14)","decl":{"start":{"line":101,"column":29},"end":{"line":101,"column":null}},"loc":{"start":{"line":101,"column":29},"end":{"line":103,"column":null}}},"15":{"name":"(anonymous_15)","decl":{"start":{"line":102,"column":21},"end":{"line":102,"column":22}},"loc":{"start":{"line":102,"column":31},"end":{"line":102,"column":null}}},"16":{"name":"(anonymous_16)","decl":{"start":{"line":105,"column":23},"end":{"line":105,"column":24}},"loc":{"start":{"line":105,"column":24},"end":{"line":112,"column":null}}},"17":{"name":"(anonymous_17)","decl":{"start":{"line":114,"column":23},"end":{"line":114,"column":null}},"loc":{"start":{"line":114,"column":23},"end":{"line":129,"column":null}}},"18":{"name":"(anonymous_18)","decl":{"start":{"line":131,"column":27},"end":{"line":131,"column":null}},"loc":{"start":{"line":131,"column":27},"end":{"line":140,"column":null}}}},"branchMap":{"0":{"loc":{"start":{"line":21,"column":8},"end":{"line":24,"column":null}},"type":"if","locations":[{"start":{"line":21,"column":8},"end":{"line":24,"column":null}},{"start":{},"end":{}}]},"1":{"loc":{"start":{"line":23,"column":19},"end":{"line":23,"column":null}},"type":"cond-expr","locations":[{"start":{"line":23,"column":34},"end":{"line":23,"column":42}},{"start":{"line":23,"column":42},"end":{"line":23,"column":null}}]},"2":{"loc":{"start":{"line":36,"column":8},"end":{"line":45,"column":null}},"type":"if","locations":[{"start":{"line":36,"column":8},"end":{"line":45,"column":null}},{"start":{},"end":{}}]},"3":{"loc":{"start":{"line":39,"column":12},"end":{"line":44,"column":null}},"type":"if","locations":[{"start":{"line":39,"column":12},"end":{"line":44,"column":null}},{"start":{"line":42,"column":19},"end":{"line":44,"column":null}}]},"4":{"loc":{"start":{"line":51,"column":8},"end":{"line":53,"column":null}},"type":"if","locations":[{"start":{"line":51,"column":8},"end":{"line":53,"column":null}},{"start":{},"end":{}}]},"5":{"loc":{"start":{"line":57,"column":8},"end":{"line":59,"column":null}},"type":"if","locations":[{"start":{"line":57,"column":8},"end":{"line":59,"column":null}},{"start":{},"end":{}}]},"6":{"loc":{"start":{"line":64,"column":8},"end":{"line":64,"column":null}},"type":"if","locations":[{"start":{"line":64,"column":8},"end":{"line":64,"column":null}},{"start":{},"end":{}}]},"7":{"loc":{"start":{"line":65,"column":8},"end":{"line":69,"column":null}},"type":"if","locations":[{"start":{"line":65,"column":8},"end":{"line":69,"column":null}},{"start":{"line":67,"column":15},"end":{"line":69,"column":null}}]},"8":{"loc":{"start":{"line":74,"column":8},"end":{"line":74,"column":null}},"type":"if","locations":[{"start":{"line":74,"column":8},"end":{"line":74,"column":null}},{"start":{},"end":{}}]},"9":{"loc":{"start":{"line":108,"column":8},"end":{"line":111,"column":null}},"type":"if","locations":[{"start":{"line":108,"column":8},"end":{"line":111,"column":null}},{"start":{},"end":{}}]},"10":{"loc":{"start":{"line":116,"column":8},"end":{"line":119,"column":null}},"type":"if","locations":[{"start":{"line":116,"column":8},"end":{"line":119,"column":null}},{"start":{},"end":{}}]},"11":{"loc":{"start":{"line":116,"column":12},"end":{"line":116,"column":44}},"type":"binary-expr","locations":[{"start":{"line":116,"column":12},"end":{"line":116,"column":21}},{"start":{"line":116,"column":21},"end":{"line":116,"column":44}}]},"12":{"loc":{"start":{"line":121,"column":8},"end":{"line":128,"column":null}},"type":"if","locations":[{"start":{"line":121,"column":8},"end":{"line":128,"column":null}},{"start":{"line":125,"column":13},"end":{"line":128,"column":null}}]},"13":{"loc":{"start":{"line":132,"column":8},"end":{"line":139,"column":null}},"type":"if","locations":[{"start":{"line":132,"column":8},"end":{"line":139,"column":null}},{"start":{"line":136,"column":13},"end":{"line":139,"column":null}}]},"14":{"loc":{"start":{"line":169,"column":37},"end":{"line":169,"column":75}},"type":"cond-expr","locations":[{"start":{"line":169,"column":37},"end":{"line":169,"column":75}}]}},"s":{"0":1,"1":1,"2":18,"3":5,"4":5,"5":5,"6":5,"7":0,"8":18,"9":18,"10":18,"11":18,"12":18,"13":18,"14":18,"15":5,"16":5,"17":5,"18":5,"19":5,"20":5,"21":0,"22":18,"23":9,"24":9,"25":9,"26":18,"27":9,"28":0,"29":18,"30":14,"31":14,"32":0,"33":14,"34":8,"35":6,"36":18,"37":9,"38":9,"39":0,"40":9,"41":1,"42":9,"43":0,"44":9,"45":0,"46":0,"47":9,"48":9,"49":9,"50":9,"51":9,"52":9,"53":9,"54":18,"55":2,"56":2,"57":18,"58":1,"59":1,"60":1,"61":1,"62":1,"63":18,"64":2,"65":2,"66":2,"67":2,"68":2,"69":1,"70":1,"71":1,"72":1,"73":18,"74":2,"75":1,"76":1,"77":1,"78":1},"f":{"0":19,"1":5,"2":5,"3":5,"4":5,"5":9,"6":9,"7":14,"8":9,"9":1,"10":0,"11":0,"12":0,"13":9,"14":2,"15":2,"16":1,"17":2,"18":2},"b":{"0":[5,0],"1":[5,0],"2":[5,0],"3":[5,0],"4":[9,0],"5":[0,9],"6":[0,14],"7":[8,6],"8":[0,9],"9":[1,0],"10":[2,0],"11":[2,2],"12":[1,1],"13":[1,1],"14":[10]}}
,"C:/dev/repos/RecMusic/frontend/RecMusic_Front/src/modules/home/components/StaticMenus/AddToPlaylistContext.tsx": {"path":"C:/dev/repos/RecMusic/frontend/RecMusic_Front/src/modules/home/components/StaticMenus/AddToPlaylistContext.tsx","statementMap":{"0":{"start":{"line":6,"column":29},"end":{"line":58,"column":null}},"1":{"start":{"line":7,"column":38},"end":{"line":7,"column":null}},"2":{"start":{"line":8,"column":20},"end":{"line":8,"column":null}},"3":{"start":{"line":9,"column":34},"end":{"line":9,"column":null}},"4":{"start":{"line":11,"column":4},"end":{"line":30,"column":null}},"5":{"start":{"line":12,"column":31},"end":{"line":19,"column":null}},"6":{"start":{"line":13,"column":12},"end":{"line":18,"column":null}},"7":{"start":{"line":14,"column":29},"end":{"line":14,"column":null}},"8":{"start":{"line":15,"column":16},"end":{"line":15,"column":null}},"9":{"start":{"line":17,"column":16},"end":{"line":17,"column":null}},"10":{"start":{"line":20,"column":8},"end":{"line":20,"column":null}},"11":{"start":{"line":22,"column":35},"end":{"line":26,"column":null}},"12":{"start":{"line":23,"column":12},"end":{"line":25,"column":null}},"13":{"start":{"line":24,"column":16},"end":{"line":24,"column":null}},"14":{"start":{"line":28,"column":8},"end":{"line":28,"column":null}},"15":{"start":{"line":29,"column":8},"end":{"line":29,"column":null}},"16":{"start":{"line":29,"column":21},"end":{"line":29,"column":null}},"17":{"start":{"line":32,"column":32},"end":{"line":42,"column":null}},"18":{"start":{"line":33,"column":8},"end":{"line":41,"column":null}},"19":{"start":{"line":34,"column":12},"end":{"line":34,"column":null}},"20":{"start":{"line":35,"column":12},"end":{"line":35,"column":null}},"21":{"start":{"line":37,"column":12},"end":{"line":37,"column":null}},"22":{"start":{"line":38,"column":12},"end":{"line":38,"column":null}},"23":{"start":{"line":40,"column":12},"end":{"line":40,"column":null}},"24":{"start":{"line":49,"column":20},"end":{"line":54,"column":17}},"25":{"start":{"line":49,"column":61},"end":{"line":49,"column":null}}},"fnMap":{"0":{"name":"(anonymous_0)","decl":{"start":{"line":6,"column":29},"end":{"line":6,"column":30}},"loc":{"start":{"line":6,"column":59},"end":{"line":58,"column":null}}},"1":{"name":"(anonymous_1)","decl":{"start":{"line":11,"column":14},"end":{"line":11,"column":null}},"loc":{"start":{"line":11,"column":14},"end":{"line":30,"column":7}}},"2":{"name":"(anonymous_2)","decl":{"start":{"line":12,"column":31},"end":{"line":12,"column":null}},"loc":{"start":{"line":12,"column":31},"end":{"line":19,"column":null}}},"3":{"name":"(anonymous_3)","decl":{"start":{"line":22,"column":35},"end":{"line":22,"column":36}},"loc":{"start":{"line":22,"column":36},"end":{"line":26,"column":null}}},"4":{"name":"(anonymous_4)","decl":{"start":{"line":29,"column":15},"end":{"line":29,"column":21}},"loc":{"start":{"line":29,"column":21},"end":{"line":29,"column":null}}},"5":{"name":"(anonymous_5)","decl":{"start":{"line":32,"column":32},"end":{"line":32,"column":39}},"loc":{"start":{"line":32,"column":39},"end":{"line":42,"column":null}}},"6":{"name":"(anonymous_6)","decl":{"start":{"line":48,"column":30},"end":{"line":48,"column":31}},"loc":{"start":{"line":49,"column":20},"end":{"line":54,"column":17}}},"7":{"name":"(anonymous_7)","decl":{"start":{"line":49,"column":55},"end":{"line":49,"column":61}},"loc":{"start":{"line":49,"column":61},"end":{"line":49,"column":null}}}},"branchMap":{"0":{"loc":{"start":{"line":23,"column":12},"end":{"line":25,"column":null}},"type":"if","locations":[{"start":{"line":23,"column":12},"end":{"line":25,"column":null}},{"start":{},"end":{}}]},"1":{"loc":{"start":{"line":23,"column":16},"end":{"line":23,"column":76}},"type":"binary-expr","locations":[{"start":{"line":23,"column":16},"end":{"line":23,"column":31}},{"start":{"line":23,"column":35},"end":{"line":23,"column":76}}]},"2":{"loc":{"start":{"line":48,"column":16},"end":{"line":54,"column":17}},"type":"cond-expr","locations":[{"start":{"line":48,"column":16},"end":{"line":54,"column":17}}]}},"s":{"0":1,"1":8,"2":8,"3":8,"4":8,"5":4,"6":4,"7":4,"8":4,"9":0,"10":4,"11":4,"12":1,"13":1,"14":4,"15":4,"16":4,"17":8,"18":1,"19":1,"20":1,"21":1,"22":1,"23":0,"24":3,"25":1},"f":{"0":8,"1":4,"2":4,"3":1,"4":4,"5":1,"6":3,"7":1},"b":{"0":[1,0],"1":[1,1],"2":[2]}}
,"C:/dev/repos/RecMusic/frontend/RecMusic_Front/src/modules/home/components/StaticMenus/Menu.tsx": {"path":"C:/dev/repos/RecMusic/frontend/RecMusic_Front/src/modules/home/components/StaticMenus/Menu.tsx","statementMap":{"0":{"start":{"line":15,"column":13},"end":{"line":123,"column":null}},"1":{"start":{"line":16,"column":44},"end":{"line":16,"column":null}},"2":{"start":{"line":17,"column":38},"end":{"line":17,"column":null}},"3":{"start":{"line":19,"column":4},"end":{"line":21,"column":null}},"4":{"start":{"line":20,"column":8},"end":{"line":20,"column":null}},"5":{"start":{"line":23,"column":27},"end":{"line":30,"column":null}},"6":{"start":{"line":24,"column":8},"end":{"line":29,"column":null}},"7":{"start":{"line":25,"column":25},"end":{"line":25,"column":null}},"8":{"start":{"line":26,"column":12},"end":{"line":26,"column":null}},"9":{"start":{"line":28,"column":12},"end":{"line":28,"column":null}},"10":{"start":{"line":32,"column":33},"end":{"line":41,"column":null}},"11":{"start":{"line":33,"column":8},"end":{"line":33,"column":null}},"12":{"start":{"line":33,"column":34},"end":{"line":33,"column":null}},"13":{"start":{"line":34,"column":8},"end":{"line":40,"column":null}},"14":{"start":{"line":35,"column":12},"end":{"line":35,"column":null}},"15":{"start":{"line":36,"column":12},"end":{"line":36,"column":null}},"16":{"start":{"line":37,"column":12},"end":{"line":37,"column":null}},"17":{"start":{"line":39,"column":12},"end":{"line":39,"column":null}},"18":{"start":{"line":42,"column":33},"end":{"line":50,"column":null}},"19":{"start":{"line":43,"column":8},"end":{"line":49,"column":null}},"20":{"start":{"line":44,"column":12},"end":{"line":44,"column":null}},"21":{"start":{"line":45,"column":12},"end":{"line":45,"column":null}},"22":{"start":{"line":46,"column":12},"end":{"line":46,"column":null}},"23":{"start":{"line":48,"column":12},"end":{"line":48,"column":null}},"24":{"start":{"line":52,"column":34},"end":{"line":58,"column":null}},"25":{"start":{"line":53,"column":32},"end":{"line":53,"column":null}},"26":{"start":{"line":54,"column":8},"end":{"line":54,"column":null}},"27":{"start":{"line":55,"column":8},"end":{"line":55,"column":null}},"28":{"start":{"line":56,"column":8},"end":{"line":56,"column":null}},"29":{"start":{"line":57,"column":8},"end":{"line":57,"column":null}},"30":{"start":{"line":60,"column":31},"end":{"line":66,"column":null}},"31":{"start":{"line":61,"column":21},"end":{"line":61,"column":null}},"32":{"start":{"line":62,"column":8},"end":{"line":62,"column":null}},"33":{"start":{"line":63,"column":8},"end":{"line":63,"column":null}},"34":{"start":{"line":64,"column":8},"end":{"line":64,"column":null}},"35":{"start":{"line":65,"column":8},"end":{"line":65,"column":null}},"36":{"start":{"line":68,"column":37},"end":{"line":79,"column":null}},"37":{"start":{"line":69,"column":8},"end":{"line":75,"column":null}},"38":{"start":{"line":71,"column":16},"end":{"line":71,"column":null}},"39":{"start":{"line":73,"column":35},"end":{"line":73,"column":98}},"40":{"start":{"line":74,"column":16},"end":{"line":74,"column":null}},"41":{"start":{"line":76,"column":8},"end":{"line":76,"column":null}},"42":{"start":{"line":77,"column":8},"end":{"line":77,"column":null}},"43":{"start":{"line":78,"column":8},"end":{"line":78,"column":null}},"44":{"start":{"line":106,"column":40},"end":{"line":106,"column":null}},"45":{"start":{"line":111,"column":24},"end":{"line":117,"column":21}},"46":{"start":{"line":112,"column":67},"end":{"line":112,"column":101}},"47":{"start":{"line":113,"column":81},"end":{"line":113,"column":116}}},"fnMap":{"0":{"name":"(anonymous_0)","decl":{"start":{"line":15,"column":13},"end":{"line":15,"column":14}},"loc":{"start":{"line":15,"column":77},"end":{"line":123,"column":null}}},"1":{"name":"(anonymous_1)","decl":{"start":{"line":19,"column":14},"end":{"line":19,"column":null}},"loc":{"start":{"line":19,"column":14},"end":{"line":21,"column":7}}},"2":{"name":"(anonymous_2)","decl":{"start":{"line":23,"column":27},"end":{"line":23,"column":null}},"loc":{"start":{"line":23,"column":27},"end":{"line":30,"column":null}}},"3":{"name":"(anonymous_3)","decl":{"start":{"line":32,"column":33},"end":{"line":32,"column":null}},"loc":{"start":{"line":32,"column":33},"end":{"line":41,"column":null}}},"4":{"name":"(anonymous_4)","decl":{"start":{"line":42,"column":33},"end":{"line":42,"column":40}},"loc":{"start":{"line":42,"column":40},"end":{"line":50,"column":null}}},"5":{"name":"(anonymous_5)","decl":{"start":{"line":52,"column":34},"end":{"line":52,"column":41}},"loc":{"start":{"line":52,"column":41},"end":{"line":58,"column":null}}},"6":{"name":"(anonymous_6)","decl":{"start":{"line":60,"column":31},"end":{"line":60,"column":null}},"loc":{"start":{"line":60,"column":31},"end":{"line":66,"column":null}}},"7":{"name":"(anonymous_7)","decl":{"start":{"line":68,"column":37},"end":{"line":68,"column":null}},"loc":{"start":{"line":68,"column":37},"end":{"line":79,"column":null}}},"8":{"name":"(anonymous_8)","decl":{"start":{"line":70,"column":18},"end":{"line":70,"column":19}},"loc":{"start":{"line":70,"column":19},"end":{"line":75,"column":null}}},"9":{"name":"(anonymous_9)","decl":{"start":{"line":106,"column":33},"end":{"line":106,"column":34}},"loc":{"start":{"line":106,"column":40},"end":{"line":106,"column":null}}},"10":{"name":"(anonymous_10)","decl":{"start":{"line":110,"column":34},"end":{"line":110,"column":35}},"loc":{"start":{"line":111,"column":24},"end":{"line":117,"column":21}}},"11":{"name":"(anonymous_11)","decl":{"start":{"line":112,"column":61},"end":{"line":112,"column":67}},"loc":{"start":{"line":112,"column":67},"end":{"line":112,"column":101}}},"12":{"name":"(anonymous_12)","decl":{"start":{"line":113,"column":75},"end":{"line":113,"column":81}},"loc":{"start":{"line":113,"column":81},"end":{"line":113,"column":116}}}},"branchMap":{"0":{"loc":{"start":{"line":33,"column":8},"end":{"line":33,"column":null}},"type":"if","locations":[{"start":{"line":33,"column":8},"end":{"line":33,"column":null}},{"start":{},"end":{}}]},"1":{"loc":{"start":{"line":55,"column":23},"end":{"line":55,"column":50}},"type":"binary-expr","locations":[{"start":{"line":55,"column":23},"end":{"line":55,"column":44}},{"start":{"line":55,"column":48},"end":{"line":55,"column":50}}]},"2":{"loc":{"start":{"line":73,"column":35},"end":{"line":73,"column":98}},"type":"cond-expr","locations":[{"start":{"line":73,"column":73},"end":{"line":73,"column":93}},{"start":{"line":73,"column":96},"end":{"line":73,"column":98}}]},"3":{"loc":{"start":{"line":110,"column":20},"end":{"line":117,"column":21}},"type":"cond-expr","locations":[{"start":{"line":110,"column":20},"end":{"line":117,"column":21}}]}},"s":{"0":1,"1":8,"2":8,"3":8,"4":4,"5":8,"6":4,"7":4,"8":4,"9":0,"10":8,"11":0,"12":0,"13":0,"14":0,"15":0,"16":0,"17":0,"18":8,"19":0,"20":0,"21":0,"22":0,"23":0,"24":8,"25":1,"26":1,"27":1,"28":1,"29":1,"30":8,"31":1,"32":1,"33":1,"34":1,"35":1,"36":8,"37":0,"38":0,"39":0,"40":0,"41":0,"42":0,"43":0,"44":0,"45":4,"46":1,"47":0},"f":{"0":8,"1":4,"2":4,"3":0,"4":0,"5":1,"6":1,"7":0,"8":0,"9":0,"10":4,"11":1,"12":0},"b":{"0":[0,0],"1":[1,0],"2":[0,0],"3":[3]}}
,"C:/dev/repos/RecMusic/frontend/RecMusic_Front/src/modules/home/components/StaticMenus/Toolbar.tsx": {"path":"C:/dev/repos/RecMusic/frontend/RecMusic_Front/src/modules/home/components/StaticMenus/Toolbar.tsx","statementMap":{"0":{"start":{"line":8,"column":16},"end":{"line":49,"column":null}},"1":{"start":{"line":9,"column":32},"end":{"line":9,"column":null}},"2":{"start":{"line":10,"column":34},"end":{"line":10,"column":null}},"3":{"start":{"line":11,"column":30},"end":{"line":11,"column":null}},"4":{"start":{"line":12,"column":29},"end":{"line":12,"column":null}},"5":{"start":{"line":14,"column":25},"end":{"line":28,"column":null}},"6":{"start":{"line":15,"column":8},"end":{"line":27,"column":null}},"7":{"start":{"line":16,"column":12},"end":{"line":16,"column":null}},"8":{"start":{"line":17,"column":12},"end":{"line":17,"column":null}},"9":{"start":{"line":19,"column":25},"end":{"line":19,"column":null}},"10":{"start":{"line":20,"column":12},"end":{"line":20,"column":null}},"11":{"start":{"line":21,"column":12},"end":{"line":21,"column":null}},"12":{"start":{"line":23,"column":12},"end":{"line":23,"column":null}},"13":{"start":{"line":25,"column":12},"end":{"line":25,"column":null}},"14":{"start":{"line":38,"column":40},"end":{"line":38,"column":null}}},"fnMap":{"0":{"name":"(anonymous_0)","decl":{"start":{"line":8,"column":16},"end":{"line":8,"column":17}},"loc":{"start":{"line":8,"column":49},"end":{"line":49,"column":null}}},"1":{"name":"(anonymous_1)","decl":{"start":{"line":14,"column":25},"end":{"line":14,"column":null}},"loc":{"start":{"line":14,"column":25},"end":{"line":28,"column":null}}},"2":{"name":"(anonymous_2)","decl":{"start":{"line":38,"column":33},"end":{"line":38,"column":34}},"loc":{"start":{"line":38,"column":40},"end":{"line":38,"column":null}}}},"branchMap":{"0":{"loc":{"start":{"line":40,"column":13},"end":{"line":40,"column":24}},"type":"binary-expr","locations":[{"start":{"line":40,"column":13},"end":{"line":40,"column":24}}]},"1":{"loc":{"start":{"line":41,"column":13},"end":{"line":41,"column":22}},"type":"binary-expr","locations":[{"start":{"line":41,"column":13},"end":{"line":41,"column":22}}]}},"s":{"0":1,"1":10,"2":10,"3":10,"4":10,"5":10,"6":2,"7":2,"8":2,"9":2,"10":1,"11":1,"12":1,"13":2,"14":2},"f":{"0":10,"1":2,"2":2},"b":{"0":[10],"1":[10]}}
}
